2025-07-30 00:09:16,057 [INFO] I2sManager:658 - 4.514285714285714E7
2025-07-30 00:09:16,077 [INFO] I2sManager:195 - I2S Clock Value : 4.514285714285714E7
2025-07-30 00:09:16,077 [INFO] I2sManager:553 - AudioClock : 44084Divider : 2Odd : 0
2025-07-30 00:09:16,174 [WARN] IP:2191 - DEVICE_SERIAL0_CDC_FS not found: check if there is a RefParameter without a condition.
2025-07-30 00:09:16,174 [WARN] IP:2191 - DEVICE_SERIAL1_CDC_FS not found: check if there is a RefParameter without a condition.
2025-07-30 00:09:16,174 [WARN] IP:2191 - DEVICE_SERIAL2_CDC_FS not found: check if there is a RefParameter without a condition.
2025-07-30 00:09:16,174 [WARN] IP:2191 - DEVICE_SERIAL0_CDC_FS not found: check if there is a RefParameter without a condition.
2025-07-30 00:09:16,174 [WARN] IP:2191 - DEVICE_SERIAL1_CDC_FS not found: check if there is a RefParameter without a condition.
2025-07-30 00:09:16,174 [WARN] IP:2191 - DEVICE_SERIAL2_CDC_FS not found: check if there is a RefParameter without a condition.
2025-07-30 00:09:16,199 [WARN] IP:2191 - I2C_Coeff_DF not found: check if there is a RefParameter without a condition.
2025-07-30 00:09:16,199 [WARN] IP:2191 - Analog_Filter not found: check if there is a RefParameter without a condition.
2025-07-30 00:09:16,199 [WARN] IP:2191 - I2C_Coeff_DF not found: check if there is a RefParameter without a condition.
2025-07-30 00:09:16,199 [WARN] IP:2191 - Analog_Filter not found: check if there is a RefParameter without a condition.
2025-07-30 00:09:16,217 [INFO] I2sManager:658 - 4.514285714285714E7
2025-07-30 00:09:16,217 [INFO] I2sManager:195 - I2S Clock Value : 4.514285714285714E7
2025-07-30 00:09:16,218 [INFO] I2sManager:553 - AudioClock : 44084Divider : 2Odd : 0
2025-07-30 00:09:17,195 [INFO] I2sManager:658 - 4.514285714285714E7
2025-07-30 00:09:17,195 [INFO] I2sManager:195 - I2S Clock Value : 4.514285714285714E7
2025-07-30 00:09:17,195 [INFO] I2sManager:553 - AudioClock : 44084Divider : 2Odd : 0
2025-07-30 00:09:22,273 [INFO] UtilMem:75 - End SaveConfig() Used Memory: 697698112 Bytes (1073741824)
2025-07-30 00:09:32,887 [INFO] I2sManager:658 - 4.514285714285714E7
2025-07-30 00:09:32,887 [INFO] I2sManager:195 - I2S Clock Value : 4.514285714285714E7
2025-07-30 00:09:32,887 [INFO] I2sManager:553 - AudioClock : 44084Divider : 2Odd : 0
2025-07-30 00:09:34,926 [INFO] I2sManager:658 - 4.514285714285714E7
2025-07-30 00:09:34,926 [INFO] I2sManager:195 - I2S Clock Value : 4.514285714285714E7
2025-07-30 00:09:34,926 [INFO] I2sManager:553 - AudioClock : 44084Divider : 2Odd : 0
2025-07-30 00:09:36,828 [INFO] I2sManager:658 - 4.514285714285714E7
2025-07-30 00:09:36,828 [INFO] I2sManager:195 - I2S Clock Value : 4.514285714285714E7
2025-07-30 00:09:36,828 [INFO] I2sManager:553 - AudioClock : 44084Divider : 2Odd : 0
2025-07-30 00:09:58,736 [INFO] I2sManager:658 - 4.514285714285714E7
2025-07-30 00:09:58,736 [INFO] I2sManager:195 - I2S Clock Value : 4.514285714285714E7
2025-07-30 00:09:58,737 [INFO] I2sManager:553 - AudioClock : 44084Divider : 2Odd : 0
2025-07-30 00:10:10,233 [INFO] I2sManager:658 - 4.514285714285714E7
2025-07-30 00:10:10,233 [INFO] I2sManager:195 - I2S Clock Value : 4.514285714285714E7
2025-07-30 00:10:10,233 [INFO] I2sManager:553 - AudioClock : 44084Divider : 2Odd : 0
2025-07-30 00:10:26,673 [INFO] NvicIntPanel:101 - NVIC parent = com.st.microxplorer.plugins.ip.nvic.MultiNvicIntPanel[,0,0,0x0,invalid,layout=javax.swing.BoxLayout,alignmentX=0.0,alignmentY=0.0,border=,flags=9,maximumSize=,minimumSize=,preferredSize=]
2025-07-30 00:10:34,882 [INFO] NvicIntPanel:101 - NVIC parent = com.st.microxplorer.plugins.ip.nvic.MultiNvicIntPanel[,0,0,0x0,invalid,layout=javax.swing.BoxLayout,alignmentX=0.0,alignmentY=0.0,border=,flags=9,maximumSize=,minimumSize=,preferredSize=]
2025-07-30 00:10:37,469 [INFO] NvicIntPanel:101 - NVIC parent = com.st.microxplorer.plugins.ip.nvic.MultiNvicIntPanel[,0,0,0x0,invalid,layout=javax.swing.BoxLayout,alignmentX=0.0,alignmentY=0.0,border=,flags=9,maximumSize=,minimumSize=,preferredSize=]
2025-07-30 00:10:43,309 [INFO] NvicIntPanel:101 - NVIC parent = com.st.microxplorer.plugins.ip.nvic.MultiNvicIntPanel[,0,0,0x0,invalid,layout=javax.swing.BoxLayout,alignmentX=0.0,alignmentY=0.0,border=,flags=9,maximumSize=,minimumSize=,preferredSize=]
2025-07-30 00:10:45,120 [INFO] NvicIntPanel:101 - NVIC parent = com.st.microxplorer.plugins.ip.nvic.MultiNvicIntPanel[,0,0,0x0,invalid,layout=javax.swing.BoxLayout,alignmentX=0.0,alignmentY=0.0,border=,flags=9,maximumSize=,minimumSize=,preferredSize=]
2025-07-30 00:11:14,199 [WARN] IP:2191 - DEVICE_SERIAL0_CDC_FS not found: check if there is a RefParameter without a condition.
2025-07-30 00:11:14,199 [WARN] IP:2191 - DEVICE_SERIAL1_CDC_FS not found: check if there is a RefParameter without a condition.
2025-07-30 00:11:14,199 [WARN] IP:2191 - DEVICE_SERIAL2_CDC_FS not found: check if there is a RefParameter without a condition.
2025-07-30 00:11:18,534 [WARN] IP:2191 - I2C_Coeff_DF not found: check if there is a RefParameter without a condition.
2025-07-30 00:11:18,534 [WARN] IP:2191 - Analog_Filter not found: check if there is a RefParameter without a condition.
2025-07-30 00:11:18,539 [INFO] NvicIntPanel:101 - NVIC parent = com.st.microxplorer.plugins.ip.nvic.MultiNvicIntPanel[,0,0,0x0,invalid,layout=javax.swing.BoxLayout,alignmentX=0.0,alignmentY=0.0,border=,flags=9,maximumSize=,minimumSize=,preferredSize=]
2025-07-30 00:11:27,762 [INFO] ADCParametersView:116 -                Rank 1 : false
2025-07-30 00:11:27,777 [INFO] ADCParametersView:116 -                Rank 1 : false
2025-07-30 00:11:27,777 [INFO] ADCParametersView:116 -                Rank 1 : false
2025-07-30 00:11:27,777 [INFO] ADCParametersView:116 -                Rank 1 : false
2025-07-30 00:11:27,777 [INFO] ADCParametersView:116 -                Rank 1 : false
2025-07-30 00:11:27,777 [INFO] ADCParametersView:116 -                Rank 1 : false
2025-07-30 00:11:27,777 [INFO] ADCParametersView:116 -                Rank 1 : false
2025-07-30 00:11:27,777 [INFO] ADCParametersView:116 -                Rank 1 : false
2025-07-30 00:11:27,777 [INFO] ADCParametersView:116 -                Rank 1 : false
2025-07-30 00:11:27,777 [INFO] ADCParametersView:116 -                Rank 1 : false
2025-07-30 00:11:27,777 [INFO] ADCParametersView:116 -                Rank 1 : false
2025-07-30 00:11:27,777 [INFO] ADCParametersView:116 -                Rank 1 : false
2025-07-30 00:11:27,777 [INFO] ADCParametersView:116 -                Rank 1 : false
2025-07-30 00:11:27,777 [INFO] ADCParametersView:116 -                Rank 1 : false
2025-07-30 00:11:27,777 [INFO] ADCParametersView:116 -                Rank 1 : false
2025-07-30 00:11:27,786 [INFO] ADCParametersView:116 -                Rank 1 : false
2025-07-30 00:11:32,593 [WARN] IP:2191 - DEVICE_SERIAL0_CDC_FS not found: check if there is a RefParameter without a condition.
2025-07-30 00:11:32,593 [WARN] IP:2191 - DEVICE_SERIAL1_CDC_FS not found: check if there is a RefParameter without a condition.
2025-07-30 00:11:32,593 [WARN] IP:2191 - DEVICE_SERIAL2_CDC_FS not found: check if there is a RefParameter without a condition.
2025-07-30 00:11:59,227 [WARN] IP:2191 - DEVICE_SERIAL0_CDC_FS not found: check if there is a RefParameter without a condition.
2025-07-30 00:11:59,227 [WARN] IP:2191 - DEVICE_SERIAL1_CDC_FS not found: check if there is a RefParameter without a condition.
2025-07-30 00:11:59,227 [WARN] IP:2191 - DEVICE_SERIAL2_CDC_FS not found: check if there is a RefParameter without a condition.
2025-07-30 00:12:17,195 [INFO] ADCParametersView:116 -                Rank 1 : false
2025-07-30 00:12:17,195 [INFO] ADCParametersView:116 -                Rank 1 : false
2025-07-30 00:12:17,195 [INFO] ADCParametersView:116 -                Rank 1 : false
2025-07-30 00:12:17,195 [INFO] ADCParametersView:116 -                Rank 1 : false
2025-07-30 00:12:17,195 [INFO] ADCParametersView:116 -                Rank 1 : false
2025-07-30 00:12:17,195 [INFO] ADCParametersView:116 -                Rank 1 : false
2025-07-30 00:12:17,195 [INFO] ADCParametersView:116 -                Rank 1 : false
2025-07-30 00:12:17,195 [INFO] ADCParametersView:116 -                Rank 1 : false
2025-07-30 00:12:17,195 [INFO] ADCParametersView:116 -                Rank 1 : false
2025-07-30 00:12:17,195 [INFO] ADCParametersView:116 -                Rank 1 : false
2025-07-30 00:12:17,195 [INFO] ADCParametersView:116 -                Rank 1 : false
2025-07-30 00:12:17,195 [INFO] ADCParametersView:116 -                Rank 1 : false
2025-07-30 00:12:17,195 [INFO] ADCParametersView:116 -                Rank 1 : false
2025-07-30 00:12:17,195 [INFO] ADCParametersView:116 -                Rank 1 : false
2025-07-30 00:12:17,204 [INFO] ADCParametersView:116 -                Rank 1 : false
2025-07-30 00:12:17,218 [INFO] ADCParametersView:116 -                Rank 1 : false
2025-07-30 00:12:17,218 [INFO] ADCParametersView:116 -                Rank 1 : false
2025-07-30 00:12:17,219 [INFO] ADCParametersView:116 -                Rank 1 : false
2025-07-30 00:12:17,219 [INFO] ADCParametersView:116 -                Rank 1 : false
2025-07-30 00:12:17,219 [INFO] ADCParametersView:116 -                Rank 1 : false
2025-07-30 00:12:17,219 [INFO] ADCParametersView:116 -                Rank 1 : false
2025-07-30 00:12:17,219 [INFO] ADCParametersView:116 -                Rank 1 : false
2025-07-30 00:12:17,219 [INFO] ADCParametersView:116 -                Rank 1 : false
2025-07-30 00:12:17,219 [INFO] ADCParametersView:116 -                Rank 1 : false
2025-07-30 00:12:17,219 [INFO] ADCParametersView:116 -                Rank 1 : false
2025-07-30 00:12:17,219 [INFO] ADCParametersView:116 -                Rank 1 : false
2025-07-30 00:12:17,219 [INFO] ADCParametersView:116 -                Rank 1 : false
2025-07-30 00:12:17,219 [INFO] ADCParametersView:116 -                Rank 1 : false
2025-07-30 00:12:17,219 [INFO] ADCParametersView:116 -                Rank 1 : false
2025-07-30 00:12:17,226 [INFO] ADCParametersView:116 -                Rank 1 : false
2025-07-30 00:12:18,676 [INFO] ADCParametersView:116 -                Rank 1 : false
2025-07-30 00:12:18,676 [INFO] ADCParametersView:116 -                Rank 1 : false
2025-07-30 00:12:18,676 [INFO] ADCParametersView:116 -                Rank 1 : false
2025-07-30 00:12:18,676 [INFO] ADCParametersView:116 -                Rank 1 : false
2025-07-30 00:12:18,676 [INFO] ADCParametersView:116 -                Rank 1 : false
2025-07-30 00:12:18,676 [INFO] ADCParametersView:116 -                Rank 1 : false
2025-07-30 00:12:18,676 [INFO] ADCParametersView:116 -                Rank 1 : false
2025-07-30 00:12:18,676 [INFO] ADCParametersView:116 -                Rank 1 : false
2025-07-30 00:12:18,676 [INFO] ADCParametersView:116 -                Rank 1 : false
2025-07-30 00:12:18,676 [INFO] ADCParametersView:116 -                Rank 1 : false
2025-07-30 00:12:18,676 [INFO] ADCParametersView:116 -                Rank 1 : false
2025-07-30 00:12:18,676 [INFO] ADCParametersView:116 -                Rank 1 : false
2025-07-30 00:12:18,676 [INFO] ADCParametersView:116 -                Rank 1 : false
2025-07-30 00:12:18,676 [INFO] ADCParametersView:116 -                Rank 1 : false
2025-07-30 00:12:18,685 [INFO] ADCParametersView:116 -                Rank 1 : false
2025-07-30 00:12:18,699 [INFO] ADCParametersView:116 -                Rank 1 : false
2025-07-30 00:12:18,699 [INFO] ADCParametersView:116 -                Rank 1 : false
2025-07-30 00:12:18,699 [INFO] ADCParametersView:116 -                Rank 1 : false
2025-07-30 00:12:18,699 [INFO] ADCParametersView:116 -                Rank 1 : false
2025-07-30 00:12:18,699 [INFO] ADCParametersView:116 -                Rank 1 : false
2025-07-30 00:12:18,699 [INFO] ADCParametersView:116 -                Rank 1 : false
2025-07-30 00:12:18,699 [INFO] ADCParametersView:116 -                Rank 1 : false
2025-07-30 00:12:18,699 [INFO] ADCParametersView:116 -                Rank 1 : false
2025-07-30 00:12:18,699 [INFO] ADCParametersView:116 -                Rank 1 : false
2025-07-30 00:12:18,699 [INFO] ADCParametersView:116 -                Rank 1 : false
2025-07-30 00:12:18,699 [INFO] ADCParametersView:116 -                Rank 1 : false
2025-07-30 00:12:18,699 [INFO] ADCParametersView:116 -                Rank 1 : false
2025-07-30 00:12:18,699 [INFO] ADCParametersView:116 -                Rank 1 : false
2025-07-30 00:12:18,699 [INFO] ADCParametersView:116 -                Rank 1 : false
2025-07-30 00:12:18,710 [INFO] ADCParametersView:116 -                Rank 1 : false
2025-07-30 00:12:18,755 [INFO] ADCParametersView:116 -                Rank 1 : false
2025-07-30 00:12:18,755 [INFO] ADCParametersView:116 -                Rank 1 : false
2025-07-30 00:12:18,755 [INFO] ADCParametersView:116 -                Rank 1 : false
2025-07-30 00:12:18,755 [INFO] ADCParametersView:116 -                Rank 1 : false
2025-07-30 00:12:18,755 [INFO] ADCParametersView:116 -                Rank 1 : false
2025-07-30 00:12:18,755 [INFO] ADCParametersView:116 -                Rank 1 : false
2025-07-30 00:12:18,755 [INFO] ADCParametersView:116 -                Rank 1 : false
2025-07-30 00:12:18,755 [INFO] ADCParametersView:116 -                Rank 1 : false
2025-07-30 00:12:18,755 [INFO] ADCParametersView:116 -                Rank 1 : false
2025-07-30 00:12:18,755 [INFO] ADCParametersView:116 -                Rank 1 : false
2025-07-30 00:12:18,755 [INFO] ADCParametersView:116 -                Rank 1 : false
2025-07-30 00:12:18,755 [INFO] ADCParametersView:116 -                Rank 1 : false
2025-07-30 00:12:18,755 [INFO] ADCParametersView:116 -                Rank 1 : false
2025-07-30 00:12:18,755 [INFO] ADCParametersView:116 -                Rank 1 : false
2025-07-30 00:12:18,766 [INFO] ADCParametersView:116 -                Rank 1 : false
2025-07-30 00:12:18,780 [INFO] ADCParametersView:116 -                Rank 1 : false
2025-07-30 00:12:18,780 [INFO] ADCParametersView:116 -                Rank 1 : false
2025-07-30 00:12:18,780 [INFO] ADCParametersView:116 -                Rank 1 : false
2025-07-30 00:12:18,781 [INFO] ADCParametersView:116 -                Rank 1 : false
2025-07-30 00:12:18,781 [INFO] ADCParametersView:116 -                Rank 1 : false
2025-07-30 00:12:18,781 [INFO] ADCParametersView:116 -                Rank 1 : false
2025-07-30 00:12:18,781 [INFO] ADCParametersView:116 -                Rank 1 : false
2025-07-30 00:12:18,781 [INFO] ADCParametersView:116 -                Rank 1 : false
2025-07-30 00:12:18,781 [INFO] ADCParametersView:116 -                Rank 1 : false
2025-07-30 00:12:18,781 [INFO] ADCParametersView:116 -                Rank 1 : false
2025-07-30 00:12:18,781 [INFO] ADCParametersView:116 -                Rank 1 : false
2025-07-30 00:12:18,781 [INFO] ADCParametersView:116 -                Rank 1 : false
2025-07-30 00:12:18,781 [INFO] ADCParametersView:116 -                Rank 1 : false
2025-07-30 00:12:18,781 [INFO] ADCParametersView:116 -                Rank 1 : false
2025-07-30 00:12:18,790 [INFO] ADCParametersView:116 -                Rank 1 : false
2025-07-30 00:12:20,010 [INFO] ADCParametersView:116 -                Rank 1 : false
2025-07-30 00:12:20,010 [INFO] ADCParametersView:116 -                Rank 1 : false
2025-07-30 00:12:20,010 [INFO] ADCParametersView:116 -                Rank 1 : false
2025-07-30 00:12:20,010 [INFO] ADCParametersView:116 -                Rank 1 : false
2025-07-30 00:12:20,010 [INFO] ADCParametersView:116 -                Rank 1 : false
2025-07-30 00:12:20,010 [INFO] ADCParametersView:116 -                Rank 1 : false
2025-07-30 00:12:20,010 [INFO] ADCParametersView:116 -                Rank 1 : false
2025-07-30 00:12:20,010 [INFO] ADCParametersView:116 -                Rank 1 : false
2025-07-30 00:12:20,010 [INFO] ADCParametersView:116 -                Rank 1 : false
2025-07-30 00:12:20,010 [INFO] ADCParametersView:116 -                Rank 1 : false
2025-07-30 00:12:20,010 [INFO] ADCParametersView:116 -                Rank 1 : false
2025-07-30 00:12:20,010 [INFO] ADCParametersView:116 -                Rank 1 : false
2025-07-30 00:12:20,011 [INFO] ADCParametersView:116 -                Rank 1 : false
2025-07-30 00:12:20,011 [INFO] ADCParametersView:116 -                Rank 1 : false
2025-07-30 00:12:20,020 [INFO] ADCParametersView:116 -                Rank 1 : false
2025-07-30 00:12:20,032 [INFO] ADCParametersView:116 -                Rank 1 : false
2025-07-30 00:12:20,032 [INFO] ADCParametersView:116 -                Rank 1 : false
2025-07-30 00:12:20,032 [INFO] ADCParametersView:116 -                Rank 1 : false
2025-07-30 00:12:20,032 [INFO] ADCParametersView:116 -                Rank 1 : false
2025-07-30 00:12:20,032 [INFO] ADCParametersView:116 -                Rank 1 : false
2025-07-30 00:12:20,032 [INFO] ADCParametersView:116 -                Rank 1 : false
2025-07-30 00:12:20,032 [INFO] ADCParametersView:116 -                Rank 1 : false
2025-07-30 00:12:20,032 [INFO] ADCParametersView:116 -                Rank 1 : false
2025-07-30 00:12:20,032 [INFO] ADCParametersView:116 -                Rank 1 : false
2025-07-30 00:12:20,032 [INFO] ADCParametersView:116 -                Rank 1 : false
2025-07-30 00:12:20,032 [INFO] ADCParametersView:116 -                Rank 1 : false
2025-07-30 00:12:20,032 [INFO] ADCParametersView:116 -                Rank 1 : false
2025-07-30 00:12:20,032 [INFO] ADCParametersView:116 -                Rank 1 : false
2025-07-30 00:12:20,032 [INFO] ADCParametersView:116 -                Rank 1 : false
2025-07-30 00:12:20,041 [INFO] ADCParametersView:116 -                Rank 1 : false
2025-07-30 00:12:20,083 [INFO] ADCParametersView:116 -                Rank 1 : false
2025-07-30 00:12:20,083 [INFO] ADCParametersView:116 -                Rank 1 : false
2025-07-30 00:12:20,083 [INFO] ADCParametersView:116 -                Rank 1 : false
2025-07-30 00:12:20,083 [INFO] ADCParametersView:116 -                Rank 1 : false
2025-07-30 00:12:20,083 [INFO] ADCParametersView:116 -                Rank 1 : false
2025-07-30 00:12:20,084 [INFO] ADCParametersView:116 -                Rank 1 : false
2025-07-30 00:12:20,084 [INFO] ADCParametersView:116 -                Rank 1 : false
2025-07-30 00:12:20,084 [INFO] ADCParametersView:116 -                Rank 1 : false
2025-07-30 00:12:20,084 [INFO] ADCParametersView:116 -                Rank 1 : false
2025-07-30 00:12:20,084 [INFO] ADCParametersView:116 -                Rank 1 : false
2025-07-30 00:12:20,084 [INFO] ADCParametersView:116 -                Rank 1 : false
2025-07-30 00:12:20,084 [INFO] ADCParametersView:116 -                Rank 1 : false
2025-07-30 00:12:20,084 [INFO] ADCParametersView:116 -                Rank 1 : false
2025-07-30 00:12:20,084 [INFO] ADCParametersView:116 -                Rank 1 : false
2025-07-30 00:12:20,092 [INFO] ADCParametersView:116 -                Rank 1 : false
2025-07-30 00:12:20,105 [INFO] ADCParametersView:116 -                Rank 1 : false
2025-07-30 00:12:20,105 [INFO] ADCParametersView:116 -                Rank 1 : false
2025-07-30 00:12:20,105 [INFO] ADCParametersView:116 -                Rank 1 : false
2025-07-30 00:12:20,105 [INFO] ADCParametersView:116 -                Rank 1 : false
2025-07-30 00:12:20,105 [INFO] ADCParametersView:116 -                Rank 1 : false
2025-07-30 00:12:20,105 [INFO] ADCParametersView:116 -                Rank 1 : false
2025-07-30 00:12:20,106 [INFO] ADCParametersView:116 -                Rank 1 : false
2025-07-30 00:12:20,106 [INFO] ADCParametersView:116 -                Rank 1 : false
2025-07-30 00:12:20,106 [INFO] ADCParametersView:116 -                Rank 1 : false
2025-07-30 00:12:20,106 [INFO] ADCParametersView:116 -                Rank 1 : false
2025-07-30 00:12:20,106 [INFO] ADCParametersView:116 -                Rank 1 : false
2025-07-30 00:12:20,106 [INFO] ADCParametersView:116 -                Rank 1 : false
2025-07-30 00:12:20,106 [INFO] ADCParametersView:116 -                Rank 1 : false
2025-07-30 00:12:20,106 [INFO] ADCParametersView:116 -                Rank 1 : false
2025-07-30 00:12:20,115 [INFO] ADCParametersView:116 -                Rank 1 : false
2025-07-30 00:13:00,202 [INFO] NvicIntPanel:101 - NVIC parent = com.st.microxplorer.plugins.ip.nvic.MultiNvicIntPanel[,0,0,0x0,invalid,layout=javax.swing.BoxLayout,alignmentX=0.0,alignmentY=0.0,border=,flags=9,maximumSize=,minimumSize=,preferredSize=]
2025-07-30 00:13:10,852 [INFO] NvicIntPanel:101 - NVIC parent = com.st.microxplorer.plugins.ip.nvic.MultiNvicIntPanel[,0,0,0x0,invalid,layout=javax.swing.BoxLayout,alignmentX=0.0,alignmentY=0.0,border=,flags=9,maximumSize=,minimumSize=,preferredSize=]
2025-07-30 00:13:10,874 [WARN] IP:2191 - DEVICE_SERIAL0_CDC_FS not found: check if there is a RefParameter without a condition.
2025-07-30 00:13:10,874 [WARN] IP:2191 - DEVICE_SERIAL1_CDC_FS not found: check if there is a RefParameter without a condition.
2025-07-30 00:13:10,874 [WARN] IP:2191 - DEVICE_SERIAL2_CDC_FS not found: check if there is a RefParameter without a condition.
2025-07-30 00:13:10,874 [WARN] IP:2191 - DEVICE_SERIAL0_CDC_FS not found: check if there is a RefParameter without a condition.
2025-07-30 00:13:10,874 [WARN] IP:2191 - DEVICE_SERIAL1_CDC_FS not found: check if there is a RefParameter without a condition.
2025-07-30 00:13:10,874 [WARN] IP:2191 - DEVICE_SERIAL2_CDC_FS not found: check if there is a RefParameter without a condition.
2025-07-30 00:13:10,899 [WARN] IP:2191 - I2C_Coeff_DF not found: check if there is a RefParameter without a condition.
2025-07-30 00:13:10,899 [WARN] IP:2191 - Analog_Filter not found: check if there is a RefParameter without a condition.
2025-07-30 00:13:10,899 [WARN] IP:2191 - I2C_Coeff_DF not found: check if there is a RefParameter without a condition.
2025-07-30 00:13:10,899 [WARN] IP:2191 - Analog_Filter not found: check if there is a RefParameter without a condition.
2025-07-30 00:13:10,925 [INFO] NvicIntPanel:101 - NVIC parent = com.st.microxplorer.plugins.ip.nvic.MultiNvicIntPanel[,0,0,0x0,invalid,layout=javax.swing.BoxLayout,alignmentX=0.0,alignmentY=0.0,border=,flags=9,maximumSize=,minimumSize=,preferredSize=]
2025-07-30 00:13:47,023 [INFO] UtilMem:75 - End SaveConfig() Used Memory: 809165472 Bytes (1073741824)
2025-07-30 00:13:48,751 [INFO] UtilMem:75 - End SaveConfig() Used Memory: 874703520 Bytes (1073741824)
2025-07-30 00:13:49,005 [INFO] BlockDiagram:2766 - set Specific Code input for plugin: USB_DEVICE
2025-07-30 00:13:49,005 [INFO] BlockDiagram:2766 - set Specific Code input for plugin: I2S
2025-07-30 00:13:49,005 [INFO] BlockDiagram:2766 - set Specific Code input for plugin: SYS
2025-07-30 00:13:49,005 [INFO] BlockDiagram:2766 - set Specific Code input for plugin: ADC
2025-07-30 00:13:49,005 [INFO] BlockDiagram:2766 - set Specific Code input for plugin: RCC
2025-07-30 00:13:49,005 [INFO] BlockDiagram:2766 - set Specific Code input for plugin: I2C
2025-07-30 00:13:49,005 [INFO] BlockDiagram:2766 - set Specific Code input for plugin: USB_OTG_FS
2025-07-30 00:13:49,005 [INFO] BlockDiagram:2766 - set Specific Code input for plugin: NVIC
2025-07-30 00:13:49,005 [INFO] BlockDiagram:2766 - set Specific Code input for plugin: USART
2025-07-30 00:13:49,005 [INFO] BlockDiagram:2766 - set Specific Code input for plugin: DMA
2025-07-30 00:13:49,005 [INFO] BlockDiagram:2766 - set Specific Code input for plugin: GPIO
2025-07-30 00:13:49,006 [INFO] CodeGenerator:807 - code generatio: config db path: E:\STM32CubeIDE_1.16.0\STM32CubeIDE\plugins\com.st.stm32cube.common.mx_6.12.0.202406281431\\db\
2025-07-30 00:13:49,016 [WARN] IP:2191 - I2C_Coeff_DF not found: check if there is a RefParameter without a condition.
2025-07-30 00:13:49,016 [WARN] IP:2191 - Analog_Filter not found: check if there is a RefParameter without a condition.
2025-07-30 00:13:49,023 [WARN] IP:2191 - DEVICE_SERIAL0_CDC_FS not found: check if there is a RefParameter without a condition.
2025-07-30 00:13:49,023 [WARN] IP:2191 - DEVICE_SERIAL1_CDC_FS not found: check if there is a RefParameter without a condition.
2025-07-30 00:13:49,023 [WARN] IP:2191 - DEVICE_SERIAL2_CDC_FS not found: check if there is a RefParameter without a condition.
2025-07-30 00:13:49,188 [INFO] CodeEngine:255 - oldGeneratedFile, C:\Users\henry\audio_codec\audio_codec\MXTmpFiles\license.tmp_save
2025-07-30 00:13:49,392 [INFO] CodeEngine:279 - Generated code: C:\Users\henry\audio_codec\audio_codec\MXTmpFiles\license.tmp
2025-07-30 00:13:49,462 [INFO] CodeEngine:255 - oldGeneratedFile, C:\Users\henry\audio_codec\audio_codec\Core\Src\gpio.c_save
2025-07-30 00:13:49,554 [INFO] CodeEngine:279 - Generated code: C:\Users\henry\audio_codec\audio_codec\Core\Src\gpio.c
2025-07-30 00:13:49,564 [INFO] CodeEngine:255 - oldGeneratedFile, C:\Users\henry\audio_codec\audio_codec\Core\Inc\gpio.h_save
2025-07-30 00:13:49,629 [INFO] CodeEngine:279 - Generated code: C:\Users\henry\audio_codec\audio_codec\Core\Inc\gpio.h
2025-07-30 00:13:49,670 [WARN] IPConfigManager:3005 - Warning: the RefConfig PWREx_EnableUSBVoltageDetector is not available in your config.xml file
2025-07-30 00:13:49,681 [INFO] CodeEngine:255 - oldGeneratedFile, C:\Users\henry\audio_codec\audio_codec\MXTmpFiles\usb_otg_fs_vars.tmp_save
2025-07-30 00:13:49,734 [INFO] CodeEngine:279 - Generated code: C:\Users\henry\audio_codec\audio_codec\MXTmpFiles\usb_otg_fs_vars.tmp
2025-07-30 00:13:49,741 [INFO] CodeEngine:255 - oldGeneratedFile, C:\Users\henry\audio_codec\audio_codec\MXTmpFiles\usb_otg_fs_inc.tmp_save
2025-07-30 00:13:49,798 [INFO] CodeEngine:279 - Generated code: C:\Users\henry\audio_codec\audio_codec\MXTmpFiles\usb_otg_fs_inc.tmp
2025-07-30 00:13:49,813 [INFO] CodeEngine:255 - oldGeneratedFile, C:\Users\henry\audio_codec\audio_codec\MXTmpFiles\usb_otg_fs_HalInit.tmp_save
2025-07-30 00:13:49,880 [INFO] CodeEngine:279 - Generated code: C:\Users\henry\audio_codec\audio_codec\MXTmpFiles\usb_otg_fs_HalInit.tmp
2025-07-30 00:13:49,888 [INFO] CodeEngine:255 - oldGeneratedFile, C:\Users\henry\audio_codec\audio_codec\MXTmpFiles\usb_otg_fs_Msp.tmp_save
2025-07-30 00:13:49,950 [INFO] CodeEngine:279 - Generated code: C:\Users\henry\audio_codec\audio_codec\MXTmpFiles\usb_otg_fs_Msp.tmp
2025-07-30 00:13:50,141 [INFO] Middleware:1439 - No code input for Bsp Dependency
2025-07-30 00:13:50,151 [INFO] CodeEngine:255 - oldGeneratedFile, C:\Users\henry\audio_codec\audio_codec\Core\Src\adc.c_save
2025-07-30 00:13:50,237 [INFO] CodeEngine:279 - Generated code: C:\Users\henry\audio_codec\audio_codec\Core\Src\adc.c
2025-07-30 00:13:50,252 [INFO] CodeEngine:255 - oldGeneratedFile, C:\Users\henry\audio_codec\audio_codec\Core\Inc\adc.h_save
2025-07-30 00:13:50,313 [INFO] CodeEngine:279 - Generated code: C:\Users\henry\audio_codec\audio_codec\Core\Inc\adc.h
2025-07-30 00:13:50,333 [INFO] CodeEngine:255 - oldGeneratedFile, C:\Users\henry\audio_codec\audio_codec\Core\Src\dma.c_save
2025-07-30 00:13:50,390 [INFO] CodeEngine:279 - Generated code: C:\Users\henry\audio_codec\audio_codec\Core\Src\dma.c
2025-07-30 00:13:50,396 [INFO] CodeEngine:255 - oldGeneratedFile, C:\Users\henry\audio_codec\audio_codec\Core\Inc\dma.h_save
2025-07-30 00:13:50,448 [INFO] CodeEngine:279 - Generated code: C:\Users\henry\audio_codec\audio_codec\Core\Inc\dma.h
2025-07-30 00:13:50,452 [INFO] CodeEngine:255 - oldGeneratedFile, C:\Users\henry\audio_codec\audio_codec\Core\Src\i2c.c_save
2025-07-30 00:13:50,523 [INFO] CodeEngine:279 - Generated code: C:\Users\henry\audio_codec\audio_codec\Core\Src\i2c.c
2025-07-30 00:13:50,524 [INFO] CodeEngine:255 - oldGeneratedFile, C:\Users\henry\audio_codec\audio_codec\Core\Inc\i2c.h_save
2025-07-30 00:13:50,573 [INFO] CodeEngine:279 - Generated code: C:\Users\henry\audio_codec\audio_codec\Core\Inc\i2c.h
2025-07-30 00:13:50,576 [INFO] CodeEngine:255 - oldGeneratedFile, C:\Users\henry\audio_codec\audio_codec\Core\Src\i2s.c_save
2025-07-30 00:13:50,652 [INFO] CodeEngine:279 - Generated code: C:\Users\henry\audio_codec\audio_codec\Core\Src\i2s.c
2025-07-30 00:13:50,654 [INFO] CodeEngine:255 - oldGeneratedFile, C:\Users\henry\audio_codec\audio_codec\Core\Inc\i2s.h_save
2025-07-30 00:13:50,707 [INFO] CodeEngine:279 - Generated code: C:\Users\henry\audio_codec\audio_codec\Core\Inc\i2s.h
2025-07-30 00:13:50,712 [INFO] CodeEngine:255 - oldGeneratedFile, C:\Users\henry\audio_codec\audio_codec\Core\Src\usart.c_save
2025-07-30 00:13:50,778 [INFO] CodeEngine:279 - Generated code: C:\Users\henry\audio_codec\audio_codec\Core\Src\usart.c
2025-07-30 00:13:50,780 [INFO] CodeEngine:255 - oldGeneratedFile, C:\Users\henry\audio_codec\audio_codec\Core\Inc\usart.h_save
2025-07-30 00:13:50,830 [INFO] CodeEngine:279 - Generated code: C:\Users\henry\audio_codec\audio_codec\Core\Inc\usart.h
2025-07-30 00:13:50,841 [INFO] Middleware:1439 - No code input for Bsp Dependency
2025-07-30 00:13:50,858 [INFO] CodeEngine:255 - oldGeneratedFile, C:\Users\henry\audio_codec\audio_codec\USB_DEVICE\App\usb_device.c_save
2025-07-30 00:13:50,916 [INFO] CodeEngine:279 - Generated code: C:\Users\henry\audio_codec\audio_codec\USB_DEVICE\App\usb_device.c
2025-07-30 00:13:50,923 [INFO] CodeEngine:255 - oldGeneratedFile, C:\Users\henry\audio_codec\audio_codec\USB_DEVICE\App\usb_device.h_save
2025-07-30 00:13:50,974 [INFO] CodeEngine:279 - Generated code: C:\Users\henry\audio_codec\audio_codec\USB_DEVICE\App\usb_device.h
2025-07-30 00:13:50,982 [INFO] CodeEngine:255 - oldGeneratedFile, C:\Users\henry\audio_codec\audio_codec\USB_DEVICE\Target\usbd_conf.h_save
2025-07-30 00:13:51,039 [INFO] CodeEngine:279 - Generated code: C:\Users\henry\audio_codec\audio_codec\USB_DEVICE\Target\usbd_conf.h
2025-07-30 00:13:51,046 [INFO] CodeEngine:255 - oldGeneratedFile, C:\Users\henry\audio_codec\audio_codec\USB_DEVICE\Target\usbd_conf.c_save
2025-07-30 00:13:51,109 [INFO] CodeEngine:279 - Generated code: C:\Users\henry\audio_codec\audio_codec\USB_DEVICE\Target\usbd_conf.c
2025-07-30 00:13:51,123 [INFO] CodeEngine:255 - oldGeneratedFile, C:\Users\henry\audio_codec\audio_codec\USB_DEVICE\App\usbd_desc.h_save
2025-07-30 00:13:51,173 [INFO] CodeEngine:279 - Generated code: C:\Users\henry\audio_codec\audio_codec\USB_DEVICE\App\usbd_desc.h
2025-07-30 00:13:51,181 [INFO] CodeEngine:255 - oldGeneratedFile, C:\Users\henry\audio_codec\audio_codec\USB_DEVICE\App\usbd_desc.c_save
2025-07-30 00:13:51,242 [INFO] CodeEngine:279 - Generated code: C:\Users\henry\audio_codec\audio_codec\USB_DEVICE\App\usbd_desc.c
2025-07-30 00:13:51,255 [INFO] CodeEngine:255 - oldGeneratedFile, C:\Users\henry\audio_codec\audio_codec\USB_DEVICE\App\usbd_cdc_if.h_save
2025-07-30 00:13:51,310 [INFO] CodeEngine:279 - Generated code: C:\Users\henry\audio_codec\audio_codec\USB_DEVICE\App\usbd_cdc_if.h
2025-07-30 00:13:51,319 [INFO] CodeEngine:255 - oldGeneratedFile, C:\Users\henry\audio_codec\audio_codec\USB_DEVICE\App\usbd_cdc_if.c_save
2025-07-30 00:13:51,382 [INFO] CodeEngine:279 - Generated code: C:\Users\henry\audio_codec\audio_codec\USB_DEVICE\App\usbd_cdc_if.c
2025-07-30 00:13:51,407 [INFO] CodeEngine:255 - oldGeneratedFile, C:\Users\henry\audio_codec\audio_codec\Core\Src\stm32f4xx_it.c_save
2025-07-30 00:13:51,512 [INFO] CodeEngine:279 - Generated code: C:\Users\henry\audio_codec\audio_codec\Core\Src\stm32f4xx_it.c
2025-07-30 00:13:51,526 [INFO] CodeEngine:255 - oldGeneratedFile, C:\Users\henry\audio_codec\audio_codec\Core\Inc\stm32f4xx_it.h_save
2025-07-30 00:13:51,590 [INFO] CodeEngine:279 - Generated code: C:\Users\henry\audio_codec\audio_codec\Core\Inc\stm32f4xx_it.h
2025-07-30 00:13:51,613 [INFO] CodeEngine:255 - oldGeneratedFile, C:\Users\henry\audio_codec\audio_codec\Core\Src\stm32f4xx_hal_msp.c_save
2025-07-30 00:13:51,679 [INFO] CodeEngine:279 - Generated code: C:\Users\henry\audio_codec\audio_codec\Core\Src\stm32f4xx_hal_msp.c
2025-07-30 00:13:51,685 [INFO] CodeEngine:255 - oldGeneratedFile, C:\Users\henry\audio_codec\audio_codec\MXTmpFiles\system.tmp_save
2025-07-30 00:13:51,727 [INFO] CodeEngine:279 - Generated code: C:\Users\henry\audio_codec\audio_codec\MXTmpFiles\system.tmp
2025-07-30 00:13:51,744 [INFO] CodeEngine:311 - oldGeneratedFile, C:\Users\henry\audio_codec\audio_codec\Core\Inc\stm32f4xx_hal_conf.h_save
2025-07-30 00:13:51,808 [INFO] CodeEngine:335 - Generated code: C:\Users\henry\audio_codec\audio_codec\Core\Inc\stm32f4xx_hal_conf.h
2025-07-30 00:13:51,851 [INFO] CodeEngine:255 - oldGeneratedFile, C:\Users\henry\audio_codec\audio_codec\Core\Inc\main.h_save
2025-07-30 00:13:51,915 [INFO] CodeEngine:279 - Generated code: C:\Users\henry\audio_codec\audio_codec\Core\Inc\main.h
2025-07-30 00:13:51,930 [INFO] CodeEngine:255 - oldGeneratedFile, C:\Users\henry\audio_codec\audio_codec\Core\Src\main.c_save
2025-07-30 00:13:52,009 [INFO] CodeEngine:279 - Generated code: C:\Users\henry\audio_codec\audio_codec\Core\Src\main.c
2025-07-30 00:13:52,261 [INFO] ProjectBuilder:3249 - Time for Copy HAL[1] : 145mS.
2025-07-30 00:13:52,265 [INFO] ProjectBuilder:4828 - Project Generator version: 4.4.0-B60
2025-07-30 00:13:52,324 [INFO] ConfigFileManager:1531 - The Die is : DIE413
2025-07-30 00:13:52,335 [INFO] ApiDbMcu:508 - Load IP Config File for FATFS
2025-07-30 00:13:52,345 [INFO] ApiDbMcu:508 - Load IP Config File for FREERTOS
2025-07-30 00:13:52,353 [INFO] ApiDbMcu:508 - Load IP Config File for LIBJPEG
2025-07-30 00:13:52,363 [INFO] ApiDbMcu:508 - Load IP Config File for LWIP
2025-07-30 00:13:52,373 [INFO] ApiDbMcu:508 - Load IP Config File for MBEDTLS
2025-07-30 00:13:52,381 [INFO] ApiDbMcu:508 - Load IP Config File for USB_HOST
